2016-09-22 17:24:26,896 INFO  [io.skysail.server.app.ApplicationList        ] - (+ ApplicationModel) (#01) with name 'LivingSpec'
2016-09-22 17:24:26,914 INFO  [io.skysail.server.app.ApplicationList        ] - (+ ApplicationModel) (#02) with name 'root'
2016-09-22 17:24:26,985 INFO  [io.skysail.server.app.ApplicationList        ] - (+ ApplicationModel) (#03) with name 'webapp'
2016-09-22 17:24:28,435 INFO  [io.skysail.server.http.HttpServer            ] - 
2016-09-22 17:24:28,435 INFO  [io.skysail.server.http.HttpServer            ] - ====================================
2016-09-22 17:24:28,435 INFO  [io.skysail.server.http.HttpServer            ] - Starting skysail server on port 2019
2016-09-22 17:24:28,435 INFO  [io.skysail.server.http.HttpServer            ] - ====================================
2016-09-22 17:24:28,436 INFO  [io.skysail.server.http.HttpServer            ] - 
2016-09-22 17:24:28,570 INFO  [org.restlet                                  ] - Starting the Jetty [HTTP/1.1] server on port 2019
2016-09-22 17:24:28,656 INFO  [org.restlet                                  ] - Stopping the Jetty [HTTP/1.1] server on port 2019
2016-09-22 17:24:28,683 INFO  [io.skysail.server.http.HttpServer            ] - 
2016-09-22 17:24:28,683 INFO  [io.skysail.server.http.HttpServer            ] - ====================================
2016-09-22 17:24:28,684 INFO  [io.skysail.server.http.HttpServer            ] - Starting skysail server on port 2019
2016-09-22 17:24:28,684 INFO  [io.skysail.server.http.HttpServer            ] - ====================================
2016-09-22 17:24:28,684 INFO  [io.skysail.server.http.HttpServer            ] - 
2016-09-22 17:24:28,684 INFO  [org.restlet                                  ] - Starting the Jetty [HTTP/1.1] server on port 2019
2016-09-22 17:24:28,732 INFO  [io.skysail.server.app.ApplicationList        ] - (+ ApplicationModel) (#04) with name 'static'
2016-09-22 17:24:28,774 INFO  [io.skysail.server.app.ApplicationList        ] - (+ ApplicationModel) (#05) with name 'i18n'
2016-09-22 17:24:28,873 INFO  [i.s.s.u.s.ShiroBasedUserManagementProvider   ] - USER MANAGEMENT PROVIDER: activating provider 'io.skysail.server.um.shiro.ShiroBasedUserManagementProvider'
2016-09-22 17:24:28,929 INFO  [io.skysail.server.app.ServiceList            ] - USER MANAGEMENT PROVIDER: setting provider to 'io.skysail.server.um.shiro.ShiroBasedUserManagementProvider'
2016-09-22 17:24:28,952 INFO  [io.skysail.server.app.ApplicationList        ] - (+ ApplicationModel) (#06) with name 'io.skysail.server.um.shiro.app.ShiroUmApplication'
2016-09-22 17:24:28,966 INFO  [io.skysail.server.app.ApplicationList        ] - (+ ApplicationModel) (#07) with name 'designer'
2016-09-22 17:24:33,861 INFO  [o.r.S.I.LivingSpecApplication                ] - Starting io.skysail.server.app.livingspec.LivingSpecApplication application
2016-09-22 17:24:33,869 INFO  [io.skysail.server.app.SkysailApplication     ] - creating new Router in io.skysail.server.app.livingspec.LivingSpecApplication
2016-09-22 17:24:33,871 INFO  [io.skysail.server.app.SkysailApplication     ] - adding extensions to metadata service
2016-09-22 17:24:33,872 INFO  [io.skysail.server.app.SkysailApplication     ] - adding protocols
2016-09-22 17:24:33,875 WARN  [io.skysail.server.app.SkysailApplication     ] - there are no entities defined for the applicationModel JavaApplicationModel: LivingSpec
Repositories: 
Repositories(repositories={io.skysail.server.app.livingspec.storymap.StoryMap=io.skysail.server.app.livingspec.StoryMapRepository@107f3f2a, io.skysail.server.db.versions.impl.ComponentDbVersion=io.skysail.server.db.versions.impl.VersionsRepository@6dd4fb67})

2016-09-22 17:24:33,966 INFO  [io.skysail.server.restlet.SkysailRouter      ] - routing path '/LivingSpec/v1/StoryMaps/{id}' -> SkysailCookieAuthenticator -> RolesPredicateAuthorizer -> Finder -> StoryMapResourceGen
2016-09-22 17:24:33,982 INFO  [io.skysail.server.restlet.SkysailRouter      ] - routing path '/LivingSpec/v1/StoryMaps/' -> SkysailCookieAuthenticator -> RolesPredicateAuthorizer -> Finder -> PostStoryMapResourceGen
2016-09-22 17:24:33,985 INFO  [io.skysail.server.restlet.SkysailRouter      ] - routing path '/LivingSpec/v1/StoryMaps/{id}/' -> SkysailCookieAuthenticator -> RolesPredicateAuthorizer -> Finder -> PutStoryMapResourceGen
2016-09-22 17:24:33,992 INFO  [io.skysail.server.restlet.SkysailRouter      ] - routing path '/LivingSpec/v1/StoryMaps' -> SkysailCookieAuthenticator -> RolesPredicateAuthorizer -> Finder -> StoryMapsResourceGen
2016-09-22 17:24:33,993 INFO  [io.skysail.server.restlet.SkysailRouter      ] - routing path '/LivingSpec/v1' -> SkysailCookieAuthenticator -> RolesPredicateAuthorizer -> Finder -> StoryMapsResourceGen
2016-09-22 17:24:33,995 INFO  [io.skysail.server.restlet.SkysailRouter      ] - routing path '/LivingSpec/v1/StoryMaps/{id}/UserStorys' -> SkysailCookieAuthenticator -> RolesPredicateAuthorizer -> Finder -> StoryMapsUserStorysResource
2016-09-22 17:24:33,996 INFO  [io.skysail.server.restlet.SkysailRouter      ] - routing path '/LivingSpec/v1/StoryMaps/{id}/UserStorys/' -> SkysailCookieAuthenticator -> RolesPredicateAuthorizer -> Finder -> PostStoryMapToNewUserStoryRelationResource
2016-09-22 17:24:33,998 INFO  [io.skysail.server.restlet.SkysailRouter      ] - routing path '/LivingSpec/v1/StoryMaps/{id}/UserStorys/{targetId}' -> SkysailCookieAuthenticator -> RolesPredicateAuthorizer -> Finder -> StoryMapsUserStoryResource
2016-09-22 17:24:33,999 INFO  [io.skysail.server.restlet.SkysailRouter      ] - routing path '/LivingSpec/v1/UserStorys/{id}' -> SkysailCookieAuthenticator -> RolesPredicateAuthorizer -> Finder -> UserStoryResourceGen
2016-09-22 17:24:34,001 INFO  [io.skysail.server.restlet.SkysailRouter      ] - routing path '/LivingSpec/v1/UserStorys/' -> SkysailCookieAuthenticator -> RolesPredicateAuthorizer -> Finder -> PostUserStoryResourceGen
2016-09-22 17:24:34,003 INFO  [io.skysail.server.restlet.SkysailRouter      ] - routing path '/LivingSpec/v1/UserStorys/{id}/' -> SkysailCookieAuthenticator -> RolesPredicateAuthorizer -> Finder -> PutUserStoryResourceGen
2016-09-22 17:24:34,004 INFO  [io.skysail.server.restlet.SkysailRouter      ] - routing path '/LivingSpec/v1/UserStorys' -> SkysailCookieAuthenticator -> RolesPredicateAuthorizer -> Finder -> UserStorysResourceGen
2016-09-22 17:24:34,007 INFO  [o.r.S.I.SkysailRootApplication               ] - Starting io.skysail.server.app.SkysailRootApplication application
2016-09-22 17:24:34,009 INFO  [io.skysail.server.app.SkysailApplication     ] - creating new Router in io.skysail.server.app.SkysailRootApplication
2016-09-22 17:24:34,009 INFO  [io.skysail.server.app.SkysailApplication     ] - adding extensions to metadata service
2016-09-22 17:24:34,009 INFO  [io.skysail.server.app.SkysailApplication     ] - adding protocols
2016-09-22 17:24:34,011 INFO  [io.skysail.server.restlet.SkysailRouter      ] - routing path '/root/' -> AlwaysAuthenticatedAuthenticator -> RolesPredicateAuthorizer -> Finder -> DefaultResource
2016-09-22 17:24:34,017 INFO  [io.skysail.server.restlet.SkysailRouter      ] - routing path '/root/_login' -> AlwaysAuthenticatedAuthenticator -> RolesPredicateAuthorizer -> Finder -> LoginResource
2016-09-22 17:24:34,019 INFO  [io.skysail.server.restlet.SkysailRouter      ] - routing path '/root/_logout' -> AlwaysAuthenticatedAuthenticator -> RolesPredicateAuthorizer -> Finder -> LogoutResource
2016-09-22 17:24:34,022 INFO  [io.skysail.server.restlet.SkysailRouter      ] - routing path '/root/_profile' -> AlwaysAuthenticatedAuthenticator -> RolesPredicateAuthorizer -> Finder -> ProfileResource
2016-09-22 17:24:34,023 INFO  [o.r.S.InternalRouter.WebappApplication       ] - Starting io.skysail.server.converter.WebappApplication application
2016-09-22 17:24:34,032 INFO  [o.r.S.InternalRouter.WebappApplication       ] - Starting de.twenty11.skysail.server.webapp.internal.WebappApplication application
2016-09-22 17:24:34,034 INFO  [o.r.S.InternalRouter.I18nApplication         ] - Starting io.skysail.server.text.store.bundleresource.impl.I18nApplication application
2016-09-22 17:24:34,037 INFO  [io.skysail.server.app.SkysailApplication     ] - creating new Router in io.skysail.server.text.store.bundleresource.impl.I18nApplication
2016-09-22 17:24:34,037 INFO  [io.skysail.server.app.SkysailApplication     ] - adding extensions to metadata service
2016-09-22 17:24:34,038 INFO  [io.skysail.server.app.SkysailApplication     ] - adding protocols
2016-09-22 17:24:34,041 INFO  [io.skysail.server.restlet.SkysailRouter      ] - routing path '/i18n/v1' -> SkysailCookieAuthenticator -> RolesPredicateAuthorizer -> Finder -> I18nRootResource
2016-09-22 17:24:34,042 INFO  [io.skysail.server.restlet.SkysailRouter      ] - routing path '/i18n/v1/messages/' -> SkysailCookieAuthenticator -> RolesPredicateAuthorizer -> Finder -> MessagesResource
2016-09-22 17:24:34,046 INFO  [io.skysail.server.restlet.SkysailRouter      ] - routing path '/i18n/v1/messages/{key}' -> SkysailCookieAuthenticator -> RolesPredicateAuthorizer -> Finder -> MessageResource
2016-09-22 17:24:34,048 INFO  [io.skysail.server.restlet.SkysailRouter      ] - routing path '/i18n/v1/messages/{key}/' -> SkysailCookieAuthenticator -> RolesPredicateAuthorizer -> Finder -> PutMessageResource
2016-09-22 17:24:34,055 INFO  [io.skysail.server.restlet.SkysailRouter      ] - routing path '/i18n/v1/messages/{key}/{fieldname}/' -> SkysailCookieAuthenticator -> RolesPredicateAuthorizer -> Finder -> PatchMessageResource
2016-09-22 17:24:34,056 INFO  [o.r.S.InternalRouter.ShiroUmApplication      ] - Starting io.skysail.server.um.shiro.app.ShiroUmApplication application
2016-09-22 17:24:34,057 INFO  [io.skysail.server.app.SkysailApplication     ] - creating new Router in io.skysail.server.um.shiro.app.ShiroUmApplication
2016-09-22 17:24:34,058 INFO  [io.skysail.server.app.SkysailApplication     ] - adding extensions to metadata service
2016-09-22 17:24:34,058 INFO  [io.skysail.server.app.SkysailApplication     ] - adding protocols
2016-09-22 17:24:34,060 INFO  [io.skysail.server.restlet.SkysailRouter      ] - routing path '/io.skysail.server.um.shiro.app.ShiroUmApplication/v1/_login' -> AlwaysAuthenticatedAuthenticator -> RolesPredicateAuthorizer -> Finder -> LoginResource
2016-09-22 17:24:34,063 INFO  [io.skysail.server.restlet.SkysailRouter      ] - routing path '/io.skysail.server.um.shiro.app.ShiroUmApplication/v1/currentUser' -> NeverAuthenticatedAuthenticator -> RolesPredicateAuthorizer -> Finder -> CurrentUserResource
2016-09-22 17:24:34,064 INFO  [o.r.S.I.DesignerRootApplication              ] - Starting io.skysail.product.designer.DesignerRootApplication application
2016-09-22 17:24:34,066 INFO  [io.skysail.server.app.SkysailApplication     ] - creating new Router in io.skysail.product.designer.DesignerRootApplication
2016-09-22 17:24:34,067 INFO  [io.skysail.server.app.SkysailApplication     ] - adding extensions to metadata service
2016-09-22 17:24:34,067 INFO  [io.skysail.server.app.SkysailApplication     ] - adding protocols
2016-09-22 17:24:34,070 INFO  [io.skysail.server.restlet.SkysailRouter      ] - routing path '/designer/v1' -> AlwaysAuthenticatedAuthenticator -> RolesPredicateAuthorizer -> Finder -> PublicResource
2016-09-22 17:24:34,104 INFO  [LogService                                   ] - 2016-09-22	17:24:34	0:0:0:0:0:0:0:1	-	0:0:0:0:0:0:0:1	2019	GET	/_logout	targetUri=/	303	0	0	30	http://localhost:2019	Mozilla/5.0 (Macintosh; Intel Mac OS X 10_11_6) AppleWebKit/537.36 (KHTML, like Gecko) Chrome/52.0.2743.116 Safari/537.36	http://localhost:2019/
2016-09-22 17:24:34,327 INFO  [o.r.S.I.SkysailRootApplication               ] - Unable to decrypt cookie credentials
java.lang.NumberFormatException: For input string: ""
	at java.lang.NumberFormatException.forInputString(NumberFormatException.java:65) ~[na:1.8.0_74]
	at java.lang.Integer.parseInt(Integer.java:592) ~[na:1.8.0_74]
	at java.lang.Integer.parseInt(Integer.java:615) ~[na:1.8.0_74]
	at org.restlet.ext.crypto.CookieAuthenticator.parseCredentials(CookieAuthenticator.java:561) [org.restlet.ext.crypto.jar:na]
	at io.skysail.server.um.shiro.authentication.SkysailCookieAuthenticator.authenticate(SkysailCookieAuthenticator.java:72) [skysail.server.um.shiro-0.2.0.jar:na]
	at org.restlet.security.Authenticator.beforeHandle(Authenticator.java:193) [org.restlet.jar:na]
	at org.restlet.ext.crypto.CookieAuthenticator.beforeHandle(CookieAuthenticator.java:231) [org.restlet.ext.crypto.jar:na]
	at org.restlet.routing.Filter.handle(Filter.java:195) [org.restlet.jar:na]
	at org.restlet.routing.Filter.doHandle(Filter.java:150) [org.restlet.jar:na]
	at org.restlet.routing.Filter.handle(Filter.java:197) [org.restlet.jar:na]
	at org.restlet.routing.Filter.doHandle(Filter.java:150) [org.restlet.jar:na]
	at org.restlet.routing.Filter.handle(Filter.java:197) [org.restlet.jar:na]
	at org.restlet.routing.Filter.doHandle(Filter.java:150) [org.restlet.jar:na]
	at org.restlet.routing.Filter.handle(Filter.java:197) [org.restlet.jar:na]
	at org.restlet.routing.Filter.doHandle(Filter.java:150) [org.restlet.jar:na]
	at org.restlet.engine.application.StatusFilter.doHandle(StatusFilter.java:140) [org.restlet.jar:na]
	at org.restlet.routing.Filter.handle(Filter.java:197) [org.restlet.jar:na]
	at org.restlet.routing.Filter.doHandle(Filter.java:150) [org.restlet.jar:na]
	at org.restlet.routing.Filter.handle(Filter.java:197) [org.restlet.jar:na]
	at org.restlet.engine.CompositeHelper.handle(CompositeHelper.java:202) [org.restlet.jar:na]
	at org.restlet.engine.application.ApplicationHelper.handle(ApplicationHelper.java:75) [org.restlet.jar:na]
	at org.restlet.Application.handle(Application.java:385) [org.restlet.jar:na]
	at org.restlet.routing.Filter.doHandle(Filter.java:150) [org.restlet.jar:na]
	at org.restlet.routing.Filter.handle(Filter.java:197) [org.restlet.jar:na]
	at org.restlet.routing.Router.doHandle(Router.java:422) [org.restlet.jar:na]
	at org.restlet.routing.Router.handle(Router.java:639) [org.restlet.jar:na]
	at org.restlet.routing.Filter.doHandle(Filter.java:150) [org.restlet.jar:na]
	at org.restlet.routing.Filter.handle(Filter.java:197) [org.restlet.jar:na]
	at org.restlet.routing.Router.doHandle(Router.java:422) [org.restlet.jar:na]
	at org.restlet.routing.Router.handle(Router.java:639) [org.restlet.jar:na]
	at org.restlet.routing.Filter.doHandle(Filter.java:150) [org.restlet.jar:na]
	at org.restlet.engine.application.StatusFilter.doHandle(StatusFilter.java:140) [org.restlet.jar:na]
	at org.restlet.routing.Filter.handle(Filter.java:197) [org.restlet.jar:na]
	at org.restlet.routing.Filter.doHandle(Filter.java:150) [org.restlet.jar:na]
	at org.restlet.routing.Filter.handle(Filter.java:197) [org.restlet.jar:na]
	at org.restlet.engine.CompositeHelper.handle(CompositeHelper.java:202) [org.restlet.jar:na]
	at org.restlet.Component.handle(Component.java:408) [org.restlet.jar:na]
	at org.restlet.Server.handle(Server.java:507) [org.restlet.jar:na]
	at org.restlet.engine.connector.ServerHelper.handle(ServerHelper.java:63) [org.restlet.jar:na]
	at org.restlet.engine.adapter.HttpServerHelper.handle(HttpServerHelper.java:143) [org.restlet.jar:na]
	at org.restlet.ext.jetty.JettyServerHelper$WrappedServer.handle(JettyServerHelper.java:273) [org.restlet.ext.jetty.jar:na]
	at org.eclipse.jetty.server.HttpChannel.handle(HttpChannel.java:310) [jetty-server-9.2.11.v20150529.jar:9.2.11.v20150529]
	at org.eclipse.jetty.server.HttpConnection.onFillable(HttpConnection.java:257) [jetty-server-9.2.11.v20150529.jar:9.2.11.v20150529]
	at org.eclipse.jetty.io.AbstractConnection$2.run(AbstractConnection.java:540) [jetty-io-9.2.11.v20150529.jar:9.2.11.v20150529]
	at org.eclipse.jetty.util.thread.QueuedThreadPool.runJob(QueuedThreadPool.java:635) [jetty-util-9.2.11.v20150529.jar:9.2.11.v20150529]
	at org.eclipse.jetty.util.thread.QueuedThreadPool$3.run(QueuedThreadPool.java:555) [jetty-util-9.2.11.v20150529.jar:9.2.11.v20150529]
	at java.lang.Thread.run(Thread.java:745) [na:1.8.0_74]
2016-09-22 17:24:34,350 INFO  [o.r.S.I.SkysailRootApplication               ] - Unable to decrypt cookie credentials
java.lang.NumberFormatException: For input string: ""
	at java.lang.NumberFormatException.forInputString(NumberFormatException.java:65) ~[na:1.8.0_74]
	at java.lang.Integer.parseInt(Integer.java:592) ~[na:1.8.0_74]
	at java.lang.Integer.parseInt(Integer.java:615) ~[na:1.8.0_74]
	at org.restlet.ext.crypto.CookieAuthenticator.parseCredentials(CookieAuthenticator.java:561) [org.restlet.ext.crypto.jar:na]
	at org.restlet.ext.crypto.CookieAuthenticator.authenticate(CookieAuthenticator.java:193) [org.restlet.ext.crypto.jar:na]
	at io.skysail.server.um.shiro.authentication.SkysailCookieAuthenticator.authenticate(SkysailCookieAuthenticator.java:75) [skysail.server.um.shiro-0.2.0.jar:na]
	at org.restlet.security.Authenticator.beforeHandle(Authenticator.java:193) [org.restlet.jar:na]
	at org.restlet.ext.crypto.CookieAuthenticator.beforeHandle(CookieAuthenticator.java:231) [org.restlet.ext.crypto.jar:na]
	at org.restlet.routing.Filter.handle(Filter.java:195) [org.restlet.jar:na]
	at org.restlet.routing.Filter.doHandle(Filter.java:150) [org.restlet.jar:na]
	at org.restlet.routing.Filter.handle(Filter.java:197) [org.restlet.jar:na]
	at org.restlet.routing.Filter.doHandle(Filter.java:150) [org.restlet.jar:na]
	at org.restlet.routing.Filter.handle(Filter.java:197) [org.restlet.jar:na]
	at org.restlet.routing.Filter.doHandle(Filter.java:150) [org.restlet.jar:na]
	at org.restlet.routing.Filter.handle(Filter.java:197) [org.restlet.jar:na]
	at org.restlet.routing.Filter.doHandle(Filter.java:150) [org.restlet.jar:na]
	at org.restlet.engine.application.StatusFilter.doHandle(StatusFilter.java:140) [org.restlet.jar:na]
	at org.restlet.routing.Filter.handle(Filter.java:197) [org.restlet.jar:na]
	at org.restlet.routing.Filter.doHandle(Filter.java:150) [org.restlet.jar:na]
	at org.restlet.routing.Filter.handle(Filter.java:197) [org.restlet.jar:na]
	at org.restlet.engine.CompositeHelper.handle(CompositeHelper.java:202) [org.restlet.jar:na]
	at org.restlet.engine.application.ApplicationHelper.handle(ApplicationHelper.java:75) [org.restlet.jar:na]
	at org.restlet.Application.handle(Application.java:385) [org.restlet.jar:na]
	at org.restlet.routing.Filter.doHandle(Filter.java:150) [org.restlet.jar:na]
	at org.restlet.routing.Filter.handle(Filter.java:197) [org.restlet.jar:na]
	at org.restlet.routing.Router.doHandle(Router.java:422) [org.restlet.jar:na]
	at org.restlet.routing.Router.handle(Router.java:639) [org.restlet.jar:na]
	at org.restlet.routing.Filter.doHandle(Filter.java:150) [org.restlet.jar:na]
	at org.restlet.routing.Filter.handle(Filter.java:197) [org.restlet.jar:na]
	at org.restlet.routing.Router.doHandle(Router.java:422) [org.restlet.jar:na]
	at org.restlet.routing.Router.handle(Router.java:639) [org.restlet.jar:na]
	at org.restlet.routing.Filter.doHandle(Filter.java:150) [org.restlet.jar:na]
	at org.restlet.engine.application.StatusFilter.doHandle(StatusFilter.java:140) [org.restlet.jar:na]
	at org.restlet.routing.Filter.handle(Filter.java:197) [org.restlet.jar:na]
	at org.restlet.routing.Filter.doHandle(Filter.java:150) [org.restlet.jar:na]
	at org.restlet.routing.Filter.handle(Filter.java:197) [org.restlet.jar:na]
	at org.restlet.engine.CompositeHelper.handle(CompositeHelper.java:202) [org.restlet.jar:na]
	at org.restlet.Component.handle(Component.java:408) [org.restlet.jar:na]
	at org.restlet.Server.handle(Server.java:507) [org.restlet.jar:na]
	at org.restlet.engine.connector.ServerHelper.handle(ServerHelper.java:63) [org.restlet.jar:na]
	at org.restlet.engine.adapter.HttpServerHelper.handle(HttpServerHelper.java:143) [org.restlet.jar:na]
	at org.restlet.ext.jetty.JettyServerHelper$WrappedServer.handle(JettyServerHelper.java:273) [org.restlet.ext.jetty.jar:na]
	at org.eclipse.jetty.server.HttpChannel.handle(HttpChannel.java:310) [jetty-server-9.2.11.v20150529.jar:9.2.11.v20150529]
	at org.eclipse.jetty.server.HttpConnection.onFillable(HttpConnection.java:257) [jetty-server-9.2.11.v20150529.jar:9.2.11.v20150529]
	at org.eclipse.jetty.io.AbstractConnection$2.run(AbstractConnection.java:540) [jetty-io-9.2.11.v20150529.jar:9.2.11.v20150529]
	at org.eclipse.jetty.util.thread.QueuedThreadPool.runJob(QueuedThreadPool.java:635) [jetty-util-9.2.11.v20150529.jar:9.2.11.v20150529]
	at org.eclipse.jetty.util.thread.QueuedThreadPool$3.run(QueuedThreadPool.java:555) [jetty-util-9.2.11.v20150529.jar:9.2.11.v20150529]
	at java.lang.Thread.run(Thread.java:745) [na:1.8.0_74]
2016-09-22 17:24:35,180 INFO  [LogService                                   ] - 2016-09-22	17:24:35	0:0:0:0:0:0:0:1	-	0:0:0:0:0:0:0:1	2019	GET	/	-	200	-	0	1034	http://localhost:2019	Mozilla/5.0 (Macintosh; Intel Mac OS X 10_11_6) AppleWebKit/537.36 (KHTML, like Gecko) Chrome/52.0.2743.116 Safari/537.36	http://localhost:2019/
2016-09-22 17:24:37,763 INFO  [LogService                                   ] - 2016-09-22	17:24:37	0:0:0:0:0:0:0:1	-	0:0:0:0:0:0:0:1	2019	GET	/_login	-	303	0	0	17	http://localhost:2019	Mozilla/5.0 (Macintosh; Intel Mac OS X 10_11_6) AppleWebKit/537.36 (KHTML, like Gecko) Chrome/52.0.2743.116 Safari/537.36	http://localhost:2019/
2016-09-22 17:24:38,300 INFO  [LogService                                   ] - 2016-09-22	17:24:38	0:0:0:0:0:0:0:1	-	0:0:0:0:0:0:0:1	2019	GET	/v1/_login	-	200	-	0	528	http://localhost:2019	Mozilla/5.0 (Macintosh; Intel Mac OS X 10_11_6) AppleWebKit/537.36 (KHTML, like Gecko) Chrome/52.0.2743.116 Safari/537.36	http://localhost:2019/
2016-09-22 17:24:38,489 INFO  [LogService                                   ] - 2016-09-22	17:24:38	0:0:0:0:0:0:0:1	-	0:0:0:0:0:0:0:1	2019	GET	/webapp/fonts/glyphicons-halflings-regular.woff	-	200	-	0	8	http://localhost:2019	Mozilla/5.0 (Macintosh; Intel Mac OS X 10_11_6) AppleWebKit/537.36 (KHTML, like Gecko) Chrome/52.0.2743.116 Safari/537.36	http://localhost:2019/webapp/css/bootstrap.min.css
2016-09-22 17:24:49,931 INFO  [i.s.s.u.s.a.SkysailHashedCredentialsMatcher  ] - added entry $2a$12$8eunmJAKXIBZs6kHxYAwwOxEBo95SYryQrD28uLXZbdqb8SdzcLaq to credentials hash cache with current timestamp, size now is 1
2016-09-22 17:24:50,607 INFO  [LogService                                   ] - 2016-09-22	17:24:50	0:0:0:0:0:0:0:1	georgios	0:0:0:0:0:0:0:1	2019	POST	/v1/_login	-	303	-	48	1160	http://localhost:2019	Mozilla/5.0 (Macintosh; Intel Mac OS X 10_11_6) AppleWebKit/537.36 (KHTML, like Gecko) Chrome/52.0.2743.116 Safari/537.36	http://localhost:2019/io.skysail.server.um.shiro.app.ShiroUmApplication/v1/_login
2016-09-22 17:24:51,022 INFO  [LogService                                   ] - 2016-09-22	17:24:51	0:0:0:0:0:0:0:1	georgios	0:0:0:0:0:0:0:1	2019	GET	/	msgIds=0	200	-	0	411	http://localhost:2019	Mozilla/5.0 (Macintosh; Intel Mac OS X 10_11_6) AppleWebKit/537.36 (KHTML, like Gecko) Chrome/52.0.2743.116 Safari/537.36	http://localhost:2019/io.skysail.server.um.shiro.app.ShiroUmApplication/v1/_login
2016-09-22 17:38:15,680 INFO  [i.s.s.u.s.a.SkysailHashedCredentialsMatcher  ] - added entry $2a$12$8eunmJAKXIBZs6kHxYAwwOxEBo95SYryQrD28uLXZbdqb8SdzcLaq to credentials hash cache with current timestamp, size now is 1
2016-09-22 17:38:16,358 INFO  [LogService                                   ] - 2016-09-22	17:38:16	0:0:0:0:0:0:0:1	georgios	0:0:0:0:0:0:0:1	2019	GET	/	msgIds=0	200	-	0	1163	http://localhost:2019	Mozilla/5.0 (Macintosh; Intel Mac OS X 10_11_6) AppleWebKit/537.36 (KHTML, like Gecko) Chrome/52.0.2743.116 Safari/537.36	-
2016-09-22 17:38:16,546 INFO  [LogService                                   ] - 2016-09-22	17:38:16	0:0:0:0:0:0:0:1	-	0:0:0:0:0:0:0:1	2019	GET	/static/themes/jstree/style.min.css	-	200	-	0	5	http://localhost:2019	Mozilla/5.0 (Macintosh; Intel Mac OS X 10_11_6) AppleWebKit/537.36 (KHTML, like Gecko) Chrome/52.0.2743.116 Safari/537.36	http://localhost:2019/?msgIds=0
2016-09-22 17:38:16,554 INFO  [LogService                                   ] - 2016-09-22	17:38:16	0:0:0:0:0:0:0:1	-	0:0:0:0:0:0:0:1	2019	GET	/static/js/mousetrap/mousetrap.min.js	-	200	-	0	7	http://localhost:2019	Mozilla/5.0 (Macintosh; Intel Mac OS X 10_11_6) AppleWebKit/537.36 (KHTML, like Gecko) Chrome/52.0.2743.116 Safari/537.36	http://localhost:2019/?msgIds=0
2016-09-22 17:38:16,602 INFO  [LogService                                   ] - 2016-09-22	17:38:16	0:0:0:0:0:0:0:1	-	0:0:0:0:0:0:0:1	2019	GET	/static/js/jstree/jstree.min.js	-	200	-	0	4	http://localhost:2019	Mozilla/5.0 (Macintosh; Intel Mac OS X 10_11_6) AppleWebKit/537.36 (KHTML, like Gecko) Chrome/52.0.2743.116 Safari/537.36	http://localhost:2019/?msgIds=0
2016-09-22 17:38:16,639 INFO  [LogService                                   ] - 2016-09-22	17:38:16	0:0:0:0:0:0:0:1	-	0:0:0:0:0:0:0:1	2019	GET	/static/img/skysail.logo.png	-	200	-	0	4	http://localhost:2019	Mozilla/5.0 (Macintosh; Intel Mac OS X 10_11_6) AppleWebKit/537.36 (KHTML, like Gecko) Chrome/52.0.2743.116 Safari/537.36	http://localhost:2019/?msgIds=0
2016-09-22 17:38:16,662 INFO  [LogService                                   ] - 2016-09-22	17:38:16	0:0:0:0:0:0:0:1	-	0:0:0:0:0:0:0:1	2019	GET	/static/img/silk/page_white_swoosh.png	-	200	-	0	5	http://localhost:2019	Mozilla/5.0 (Macintosh; Intel Mac OS X 10_11_6) AppleWebKit/537.36 (KHTML, like Gecko) Chrome/52.0.2743.116 Safari/537.36	http://localhost:2019/?msgIds=0
