#
# A fatal error has been detected by the Java Runtime Environment:
#
#  SIGSEGV (0xb) at pc=0x000000010ad0a11e, pid=39250, tid=34563
#
# JRE version: Java(TM) SE Runtime Environment (8.0_74-b02) (build 1.8.0_74-b02)
# Java VM: Java HotSpot(TM) 64-Bit Server VM (25.74-b02 mixed mode bsd-amd64 compressed oops)
# Problematic frame:
# V  [libjvm.dylib+0x30a11e]
#
# Failed to write core dump. Core dumps have been disabled. To enable core dumping, try "ulimit -c unlimited" before starting Java again
#
# If you would like to submit a bug report, please visit:
#   http://bugreport.java.com/bugreport/crash.jsp
#

---------------  T H R E A D  ---------------

Current thread (0x00007f801acda800):  JavaThread "Gogo shell" [_thread_in_vm, id=34563, stack(0x0000700002da1000,0x0000700002ea1000)]

siginfo: si_signo: 11 (SIGSEGV), si_code: 1 (SEGV_MAPERR), si_addr: 0x0000004b00000233

Registers:
RAX=0x0000000000000001, RBX=0x0000700002e9f298, RCX=0x0000000008d99501, RDX=0x0000000000000001
RSP=0x0000700002e9f210, RBP=0x0000700002e9f240, RSI=0x0000700002e9f298, RDI=0x0000004b0000022b
R8 =0x0000000000000002, R9 =0x0000000000000014, R10=0x000000001c205be8, R11=0x000000001c20777b
R12=0x0000004b0000022b, R13=0x0000700002e9f3e0, R14=0x0000004b0000022b, R15=0x000000010b2dcdd0
RIP=0x000000010ad0a11e, EFLAGS=0x0000000000010202, ERR=0x0000000000000004
  TRAPNO=0x000000000000000e

Top of Stack: (sp=0x0000700002e9f210)
0x0000700002e9f210:   00007f801acda800 0000700002e9f298
0x0000700002e9f220:   0000004b0000022b 0000700002e9f3e0
0x0000700002e9f230:   000000010b2dab60 000000010b2dcdd0
0x0000700002e9f240:   0000700002e9f280 000000010ad0a855
0x0000700002e9f250:   0000000000000000 00007f8018d0c350
0x0000700002e9f260:   0000000000000005 0000700002e9f298
0x0000700002e9f270:   000000010b2dab60 00007f801acda800
0x0000700002e9f280:   0000700002e9f2e0 000000010ad0a9a8
0x0000700002e9f290:   000000011fc48058 0000000000000000
0x0000700002e9f2a0:   000070010000001a 0000000008d99c4c
0x0000700002e9f2b0:   00007f80246ea000 00007f8000000400
0x0000700002e9f2c0:   0000000000000005 0000000000000000
0x0000700002e9f2d0:   00007f801acda800 0000700002e9f300
0x0000700002e9f2e0:   0000700002e9f320 000000010acf9987
0x0000700002e9f2f0:   000000010b9945d0 00007f801acda800
0x0000700002e9f300:   00007f801acda800 00000001273ad328
0x0000700002e9f310:   0000700002e9f4b0 00007f801acda800
0x0000700002e9f320:   0000700002e9f370 000000010d53e868
0x0000700002e9f330:   000000074032d368 0000700002e9f428
0x0000700002e9f340:   0000700002e9f3e0 000000011fd379d8
0x0000700002e9f350:   00007f801acda800 000000011fd37490
0x0000700002e9f360:   000000011fd37490 0000700002e9f3e0
0x0000700002e9f370:   0000700002e9f428 000000010d540dbc
0x0000700002e9f380:   0000000700000000 0000700002e9f428
0x0000700002e9f390:   0000700002e9f3e0 00000000000000b6
0x0000700002e9f3a0:   0000000000000000 00000007401f7df0
0x0000700002e9f3b0:   0000700002e9f4b0 00007f801acda800
0x0000700002e9f3c0:   0000700002e9f428 000000010b9967e0
0x0000700002e9f3d0:   0000700002e9f428 000000010b9967e0
0x0000700002e9f3e0:   00000007401f7df0 0000700002e9f3e8
0x0000700002e9f3f0:   000000011fd3794b 0000700002e9f4b0
0x0000700002e9f400:   000000011fd37a48 0000000000000000 

Instructions: (pc=0x000000010ad0a11e)
0x000000010ad0a0fe:   5d c3 31 c0 5d c3 55 48 89 e5 41 57 41 56 41 55
0x000000010ad0a10e:   41 54 53 48 83 ec 08 48 89 f3 49 89 fe 8a 43 0c
0x000000010ad0a11e:   41 38 46 08 74 04 30 c0 eb 43 45 8b 7e 0c 44 3b
0x000000010ad0a12e:   7b 08 75 f2 8b 43 10 41 39 46 10 75 e9 41 bc ff 

Register to memory mapping:

RAX=0x0000000000000001 is an unknown value
RBX=0x0000700002e9f298 is pointing into the stack for thread: 0x00007f801acda800
RCX=0x0000000008d99501 is an unknown value
RDX=0x0000000000000001 is an unknown value
RSP=0x0000700002e9f210 is pointing into the stack for thread: 0x00007f801acda800
RBP=0x0000700002e9f240 is pointing into the stack for thread: 0x00007f801acda800
RSI=0x0000700002e9f298 is pointing into the stack for thread: 0x00007f801acda800
RDI=0x0000004b0000022b is an unknown value
R8 =0x0000000000000002 is an unknown value
R9 =0x0000000000000014 is an unknown value
R10=0x000000001c205be8 is an unknown value
R11=0x000000001c20777b is an unknown value
R12=0x0000004b0000022b is an unknown value
R13=0x0000700002e9f3e0 is pointing into the stack for thread: 0x00007f801acda800
R14=0x0000004b0000022b is an unknown value
R15=0x000000010b2dcdd0: _ZN3Jfr16_jfr_stacktracesE+0x2270 in /Library/Java/JavaVirtualMachines/jdk1.8.0_74.jdk/Contents/Home/jre/lib/server/libjvm.dylib at 0x000000010aa00000


Stack: [0x0000700002da1000,0x0000700002ea1000],  sp=0x0000700002e9f210,  free space=1016k
Native frames: (J=compiled Java code, j=interpreted, Vv=VM code, C=native code)
V  [libjvm.dylib+0x30a11e]
V  [libjvm.dylib+0x30a855]
V  [libjvm.dylib+0x30a9a8]
V  [libjvm.dylib+0x2f9987]
J 8994  oracle.jrockit.jfr.VMJFR.stackTraceID(I)J (0 bytes) @ 0x000000010d53e868 [0x000000010d53e7c0+0xa8]
J 8993 C1 oracle.jrockit.jfr.events.EventHandlerImpl.stackTraceID()J (18 bytes) @ 0x000000010d540dbc [0x000000010d540bc0+0x1fc]
j  oracle.jrockit.jfr.events.GeneratedEventHandler4105.write(Ljava/lang/Object;JJ)V+51
j  com.oracle.jrockit.jfr.DurationEvent.write()V+16
J 9635 C2 com.oracle.jrockit.jfr.InstantEvent.commit()V (13 bytes) @ 0x000000010d6bcbc4 [0x000000010d6bcb60+0x64]
j  java.io.FileInputStream.read([BII)I+103
j  java.io.BufferedInputStream.fill()V+214
j  java.io.BufferedInputStream.read()I+12
j  org.apache.felix.gogo.runtime.threadio.ThreadInputStream.read()I+4
j  org.apache.felix.gogo.shell.Console.getLine(Ljava/lang/String;)Ljava/lang/CharSequence;+34
j  org.apache.felix.gogo.shell.Console.run()V+12
j  org.apache.felix.gogo.shell.Shell.console(Lorg/apache/felix/service/command/CommandSession;)Ljava/lang/Object;+14
j  org.apache.felix.gogo.shell.Shell.gosh(Lorg/apache/felix/service/command/CommandSession;[Ljava/lang/String;)Ljava/lang/Object;+430
v  ~StubRoutines::call_stub
V